<?xml version="1.0" encoding="UTF-8"?>
<!-- Generated by org.testng.reporters.JUnitXMLReporter -->
<testsuite ignored="0" hostname="Debu_Lenovo" failures="0" tests="3" name="Personal Details page test" time="144.039" errors="0" timestamp="2024-02-01T17:08:27 IST">
  <testcase classname="test_runner.SecondUserTestRunner" name="gender" time="0.0">
    <skipped/>
  </testcase> <!-- gender -->
  <testcase classname="test_runner.SecondUserTestRunner" name="updateBlood" time="0.0">
    <skipped/>
  </testcase> <!-- updateBlood -->
  <testcase classname="test_runner.SecondUserTestRunner" name="updateContactDetails" time="0.0">
    <skipped/>
  </testcase> <!-- updateContactDetails -->
</testsuite> <!-- Personal Details page test -->
